<?xml version="1.0" encoding="UTF-8"?>
<!-- Generated by org.testng.reporters.JUnitReportReporter -->
<testsuite skipped="0" hostname="LAPTOP-EOJ6UVB1" name="account.SignUp" tests="1" failures="0" timestamp="25 Feb 2022 04:58:56 GMT" time="5.153" errors="0">
  <testcase name="signup" time="5.153" classname="account.SignUp"/>
</testsuite> <!-- account.SignUp -->
