<?xml version="1.0" encoding="UTF-8"?>
<!-- Generated by org.testng.reporters.JUnitReportReporter -->
<testsuite skipped="0" hostname="LAPTOP-EOJ6UVB1" name="account.InstaSignup" tests="1" failures="0" timestamp="01 Mar 2022 09:49:48 GMT" time="44.651" errors="0">
  <testcase name="signup" time="44.651" classname="account.InstaSignup"/>
</testsuite> <!-- account.InstaSignup -->
