<?xml version="1.0" encoding="UTF-8"?>
<!-- Generated by org.testng.reporters.JUnitReportReporter -->
<testsuite skipped="0" hostname="LAPTOP-EOJ6UVB1" name="account.LogInInsta" tests="1" failures="0" timestamp="27 Feb 2022 13:52:38 GMT" time="45.486" errors="0">
  <testcase name="login" time="45.486" classname="account.LogInInsta"/>
</testsuite> <!-- account.LogInInsta -->
