<?xml version="1.0" encoding="UTF-8"?>
<!-- Generated by org.testng.reporters.JUnitReportReporter -->
<testsuite skipped="0" hostname="LAPTOP-EOJ6UVB1" name="account.Notification" tests="1" failures="0" timestamp="28 Feb 2022 05:43:05 GMT" time="11.948" errors="0">
  <testcase name="notification" time="11.948" classname="account.Notification"/>
</testsuite> <!-- account.Notification -->
